<?xml version="1.0" encoding="UTF-8"?>
<testng-results ignored="0" total="1" passed="1" failed="0" skipped="0">
  <reporter-output>
  </reporter-output>
  <suite started-at="2025-11-09T00:08:02 IST" name="Default suite" finished-at="2025-11-09T00:08:46 IST" duration-ms="44440">
    <groups>
    </groups>
    <test started-at="2025-11-09T00:08:02 IST" name="Default test" finished-at="2025-11-09T00:08:46 IST" duration-ms="44440">
      <class name="com.Assignment.TestScriptd.CreateCustomer">
        <test-method is-config="true" signature="launchBrowser()[pri:0, instance:com.Assignment.TestScriptd.CreateCustomer@6440112d]" started-at="2025-11-09T00:08:02 IST" name="launchBrowser" finished-at="2025-11-09T00:08:18 IST" duration-ms="16873" status="PASS">
          <reporter-output>
          </reporter-output>
        </test-method> <!-- launchBrowser -->
        <test-method signature="createCustomer(java.lang.String,java.lang.String)[pri:0, instance:com.Assignment.TestScriptd.CreateCustomer@6440112d]" started-at="2025-11-09T00:08:19 IST" name="createCustomer" data-provider="TestData" finished-at="2025-11-09T00:08:45 IST" duration-ms="26045" status="PASS">
          <params>
            <param index="0">
              <value>
                <![CDATA[6394901065]]>
              </value>
            </param>
            <param index="1">
              <value>
                <![CDATA[Nawaz@123]]>
              </value>
            </param>
          </params>
          <reporter-output>
          </reporter-output>
        </test-method> <!-- createCustomer -->
        <test-method is-config="true" signature="closeBrowser()[pri:0, instance:com.Assignment.TestScriptd.CreateCustomer@6440112d]" started-at="2025-11-09T00:08:45 IST" name="closeBrowser" finished-at="2025-11-09T00:08:46 IST" duration-ms="525" status="PASS">
          <reporter-output>
          </reporter-output>
        </test-method> <!-- closeBrowser -->
      </class> <!-- com.Assignment.TestScriptd.CreateCustomer -->
    </test> <!-- Default test -->
  </suite> <!-- Default suite -->
</testng-results>
